[0.022s] Invoking command in '/home/ndev/luna/build/realsense2_camera_msgs': CMAKE_PREFIX_PATH=${CMAKE_PREFIX_PATH}:/opt/ros/foxy CONDA_PROMPT_MODIFIER=(base) /usr/bin/cmake /home/ndev/luna/ros2_ws/src/realsense-ros/realsense2_camera_msgs -DAMENT_CMAKE_SYMLINK_INSTALL=1 -DCMAKE_INSTALL_PREFIX=/home/ndev/luna/install/realsense2_camera_msgs
[0.143s] -- The C compiler identification is GNU 9.4.0
[0.250s] -- The CXX compiler identification is GNU 9.4.0
[0.256s] -- Check for working C compiler: /usr/bin/cc
[0.351s] -- Check for working C compiler: /usr/bin/cc -- works
[0.355s] -- Detecting C compiler ABI info
[0.448s] -- Detecting C compiler ABI info - done
[0.457s] -- Detecting C compile features
[0.457s] -- Detecting C compile features - done
[0.459s] -- Check for working CXX compiler: /usr/bin/c++
[0.574s] -- Check for working CXX compiler: /usr/bin/c++ -- works
[0.576s] -- Detecting CXX compiler ABI info
[0.674s] -- Detecting CXX compiler ABI info - done
[0.685s] -- Detecting CXX compile features
[0.685s] -- Detecting CXX compile features - done
[0.690s] -- Found ament_cmake: 0.9.12 (/opt/ros/foxy/share/ament_cmake/cmake)
[0.718s] -- Found PythonInterp: /home/ndev/miniconda3/bin/python3 (found suitable version "3.11.5", minimum required is "3") 
[0.719s] -- Using PYTHON_EXECUTABLE: /home/ndev/miniconda3/bin/python3
[0.889s] -- Override CMake install command with custom implementation using symlinks instead of copying resources
[0.921s] -- Found rosidl_default_generators: 1.0.1 (/opt/ros/foxy/share/rosidl_default_generators/cmake)
[0.925s] -- Using all available rosidl_typesupport_c: rosidl_typesupport_fastrtps_c;rosidl_typesupport_introspection_c
[0.933s] -- Found rosidl_adapter: 1.3.1 (/opt/ros/foxy/share/rosidl_adapter/cmake)
[1.085s] -- Found OpenSSL: /usr/lib/x86_64-linux-gnu/libcrypto.so (found version "1.1.1f")  
[1.114s] -- Found FastRTPS: /opt/ros/foxy/include  
[1.194s] -- Using all available rosidl_typesupport_cpp: rosidl_typesupport_fastrtps_cpp;rosidl_typesupport_introspection_cpp
[1.218s] -- Found builtin_interfaces: 1.0.0 (/opt/ros/foxy/share/builtin_interfaces/cmake)
[1.230s] -- Found std_msgs: 2.0.5 (/opt/ros/foxy/share/std_msgs/cmake)
[1.247s] -- Found sensor_msgs: 2.0.5 (/opt/ros/foxy/share/sensor_msgs/cmake)
[1.361s] -- Found PythonInterp: /home/ndev/miniconda3/bin/python3 (found version "3.11.5") 
[1.402s] CMake Error at /opt/ros/foxy/share/rosidl_adapter/cmake/rosidl_adapt_interfaces.cmake:60 (message):
[1.403s]   execute_process(/home/ndev/miniconda3/bin/python3 -m rosidl_adapter
[1.403s]   --package-name realsense2_camera_msgs --arguments-file
[1.403s]   /home/ndev/luna/build/realsense2_camera_msgs/rosidl_adapter__arguments__realsense2_camera_msgs.json
[1.403s]   --output-dir
[1.403s]   /home/ndev/luna/build/realsense2_camera_msgs/rosidl_adapter/realsense2_camera_msgs
[1.403s]   --output-file
[1.403s]   /home/ndev/luna/build/realsense2_camera_msgs/rosidl_adapter/realsense2_camera_msgs.idls)
[1.403s]   returned error code 1:
[1.403s] 
[1.403s]   AttributeError processing template 'msg.idl.em'
[1.403s] 
[1.403s]   Traceback (most recent call last):
[1.403s] 
[1.403s]     File "/opt/ros/foxy/lib/python3.8/site-packages/rosidl_adapter/resource/__init__.py", line 51, in evaluate_template
[1.403s]       em.BUFFERED_OPT: True,
[1.403s]       ^^^^^^^^^^^^^^^
[1.404s] 
[1.404s]   AttributeError: module 'em' has no attribute 'BUFFERED_OPT'
[1.404s] 
[1.404s]   
[1.404s] 
[1.404s]   During handling of the above exception, another exception occurred:
[1.404s] 
[1.404s]   
[1.404s] 
[1.404s]   Traceback (most recent call last):
[1.404s] 
[1.404s]     File "<frozen runpy>", line 198, in _run_module_as_main
[1.404s]     File "<frozen runpy>", line 88, in _run_code
[1.404s]     File "/opt/ros/foxy/lib/python3.8/site-packages/rosidl_adapter/__main__.py", line 19, in <module>
[1.404s]       sys.exit(main())
[1.404s]                ^^^^^^
[1.404s]     File "/opt/ros/foxy/lib/python3.8/site-packages/rosidl_adapter/main.py", line 53, in main
[1.404s]       abs_idl_file = convert_to_idl(
[1.404s]                      ^^^^^^^^^^^^^^^
[1.405s]     File "/opt/ros/foxy/lib/python3.8/site-packages/rosidl_adapter/__init__.py", line 19, in convert_to_idl
[1.405s]       return convert_msg_to_idl(
[1.405s]              ^^^^^^^^^^^^^^^^^^^
[1.405s]     File "/opt/ros/foxy/lib/python3.8/site-packages/rosidl_adapter/msg/__init__.py", line 39, in convert_msg_to_idl
[1.405s]       expand_template('msg.idl.em', data, output_file, encoding='iso-8859-1')
[1.405s]     File "/opt/ros/foxy/lib/python3.8/site-packages/rosidl_adapter/resource/__init__.py", line 23, in expand_template
[1.405s]       content = evaluate_template(template_name, data)
[1.405s]                 ^^^^^^^^^^^^^^^^^^^^^^^^^^^^^^^^^^^^^^
[1.405s]     File "/opt/ros/foxy/lib/python3.8/site-packages/rosidl_adapter/resource/__init__.py", line 69, in evaluate_template
[1.405s]       _interpreter.shutdown()
[1.405s]       ^^^^^^^^^^^^^^^^^^^^^
[1.405s] 
[1.405s]   AttributeError: 'NoneType' object has no attribute 'shutdown'
[1.405s] 
[1.405s] Call Stack (most recent call first):
[1.405s]   /opt/ros/foxy/share/rosidl_cmake/cmake/rosidl_generate_interfaces.cmake:130 (rosidl_adapt_interfaces)
[1.405s]   CMakeLists.txt:39 (rosidl_generate_interfaces)
[1.405s] 
[1.405s] 
[1.406s] -- Configuring incomplete, errors occurred!
[1.406s] See also "/home/ndev/luna/build/realsense2_camera_msgs/CMakeFiles/CMakeOutput.log".
[1.415s] Invoked command in '/home/ndev/luna/build/realsense2_camera_msgs' returned '1': CMAKE_PREFIX_PATH=${CMAKE_PREFIX_PATH}:/opt/ros/foxy CONDA_PROMPT_MODIFIER=(base) /usr/bin/cmake /home/ndev/luna/ros2_ws/src/realsense-ros/realsense2_camera_msgs -DAMENT_CMAKE_SYMLINK_INSTALL=1 -DCMAKE_INSTALL_PREFIX=/home/ndev/luna/install/realsense2_camera_msgs
